Added Component: Designator=r45(0603)
Add component. Clean all parameters for all variants
Added Pin To Net: NetName=GND Pin=c10_U_M_Driver1-1
Added Pin To Net: NetName=GND Pin=c10_U_M_Driver2-1
Added Pin To Net: NetName=GND Pin=c10_U_M_Driver3-1
Added Pin To Net: NetName=GND Pin=c11_U_M_Driver1-1
Added Pin To Net: NetName=GND Pin=c11_U_M_Driver2-1
Added Pin To Net: NetName=GND Pin=c11_U_M_Driver3-1
Added Pin To Net: NetName=GND Pin=c12_U_M_Driver1-2
Added Pin To Net: NetName=GND Pin=c12_U_M_Driver2-2
Added Pin To Net: NetName=GND Pin=c12_U_M_Driver3-2
Added Pin To Net: NetName=GND Pin=c13_U_M_Driver1-1
Added Pin To Net: NetName=GND Pin=c13_U_M_Driver2-1
Added Pin To Net: NetName=GND Pin=c13_U_M_Driver3-1
Added Pin To Net: NetName=GND Pin=c15_U_M_Driver1-1
Added Pin To Net: NetName=GND Pin=c15_U_M_Driver2-1
Added Pin To Net: NetName=GND Pin=c15_U_M_Driver3-1
Added Pin To Net: NetName=GND Pin=c17_U_M_Driver1-1
Added Pin To Net: NetName=GND Pin=c17_U_M_Driver2-1
Added Pin To Net: NetName=GND Pin=c17_U_M_Driver3-1
Added Pin To Net: NetName=GND Pin=c19_U_M_Driver1-1
Added Pin To Net: NetName=GND Pin=c19_U_M_Driver2-1
Added Pin To Net: NetName=GND Pin=c19_U_M_Driver3-1
Added Pin To Net: NetName=GND Pin=c20_U_M_Driver1-2
Added Pin To Net: NetName=GND Pin=c20_U_M_Driver2-2
Added Pin To Net: NetName=GND Pin=c20_U_M_Driver3-2
Added Pin To Net: NetName=GND Pin=c21_U_M_Driver1-2
Added Pin To Net: NetName=GND Pin=c21_U_M_Driver2-2
Added Pin To Net: NetName=GND Pin=c21_U_M_Driver3-2
Added Pin To Net: NetName=GND Pin=c22_U_M_Driver1-2
Added Pin To Net: NetName=GND Pin=c22_U_M_Driver2-2
Added Pin To Net: NetName=GND Pin=c22_U_M_Driver3-2
Added Pin To Net: NetName=GND Pin=c23_U_M_Driver1-2
Added Pin To Net: NetName=GND Pin=c23_U_M_Driver2-2
Added Pin To Net: NetName=GND Pin=c23_U_M_Driver3-2
Added Pin To Net: NetName=GND Pin=d2_U_M_Driver1-2
Added Pin To Net: NetName=GND Pin=d2_U_M_Driver2-2
Added Pin To Net: NetName=GND Pin=d2_U_M_Driver3-2
Added Pin To Net: NetName=GND Pin=p25_1-2
Added Pin To Net: NetName=GND Pin=p25_2-2
Added Pin To Net: NetName=GND Pin=p25_3-2
Added Pin To Net: NetName=GND Pin=p26_1-2
Added Pin To Net: NetName=GND Pin=p26_2-2
Added Pin To Net: NetName=GND Pin=p26_3-2
Added Pin To Net: NetName=GND Pin=r7_U_M_Driver1-1
Added Pin To Net: NetName=GND Pin=r7_U_M_Driver2-1
Added Pin To Net: NetName=GND Pin=r7_U_M_Driver3-1
Added Pin To Net: NetName=GND Pin=r17_U_M_Driver1-1
Added Pin To Net: NetName=GND Pin=r17_U_M_Driver2-1
Added Pin To Net: NetName=GND Pin=r17_U_M_Driver3-1
Added Pin To Net: NetName=GND Pin=r18_U_M_Driver1-1
Added Pin To Net: NetName=GND Pin=r18_U_M_Driver2-1
Added Pin To Net: NetName=GND Pin=r18_U_M_Driver3-1
Added Pin To Net: NetName=Netc30_1 Pin=r45-1
Added Pin To Net: NetName=Netb1_1 Pin=r45-2
Added Pin To Net: NetName=SW Pin=u5-2
Added Pin To Net: NetName=Vin Pin=u5-14
Added Member To Class: ClassName=U_Power Supply Member=Component r45 10k
